<?xml version="1.0" encoding="UTF-8"?>
<testsuite name="com.savushkin.telestream.TelestreamApplicationTests" tests="1" skipped="0" failures="0" errors="0" timestamp="2022-07-24T18:10:17" hostname="C10503" time="0.578">
  <properties/>
  <testcase name="contextLoads()" classname="com.savushkin.telestream.TelestreamApplicationTests" time="0.578"/>
  <system-out><![CDATA[21:10:14.803 [Test worker] DEBUG org.springframework.test.context.BootstrapUtils - Instantiating CacheAwareContextLoaderDelegate from class [org.springframework.test.context.cache.DefaultCacheAwareContextLoaderDelegate]
21:10:14.818 [Test worker] DEBUG org.springframework.test.context.BootstrapUtils - Instantiating BootstrapContext using constructor [public org.springframework.test.context.support.DefaultBootstrapContext(java.lang.Class,org.springframework.test.context.CacheAwareContextLoaderDelegate)]
21:10:14.859 [Test worker] DEBUG org.springframework.test.context.BootstrapUtils - Instantiating TestContextBootstrapper for test class [com.savushkin.telestream.TelestreamApplicationTests] from class [org.springframework.boot.test.context.SpringBootTestContextBootstrapper]
21:10:14.874 [Test worker] INFO org.springframework.boot.test.context.SpringBootTestContextBootstrapper - Neither @ContextConfiguration nor @ContextHierarchy found for test class [com.savushkin.telestream.TelestreamApplicationTests], using SpringBootContextLoader
21:10:14.879 [Test worker] DEBUG org.springframework.test.context.support.AbstractContextLoader - Did not detect default resource location for test class [com.savushkin.telestream.TelestreamApplicationTests]: class path resource [com/savushkin/telestream/TelestreamApplicationTests-context.xml] does not exist
21:10:14.879 [Test worker] DEBUG org.springframework.test.context.support.AbstractContextLoader - Did not detect default resource location for test class [com.savushkin.telestream.TelestreamApplicationTests]: class path resource [com/savushkin/telestream/TelestreamApplicationTestsContext.groovy] does not exist
21:10:14.880 [Test worker] INFO org.springframework.test.context.support.AbstractContextLoader - Could not detect default resource locations for test class [com.savushkin.telestream.TelestreamApplicationTests]: no resource found for suffixes {-context.xml, Context.groovy}.
21:10:14.881 [Test worker] INFO org.springframework.test.context.support.AnnotationConfigContextLoaderUtils - Could not detect default configuration classes for test class [com.savushkin.telestream.TelestreamApplicationTests]: TelestreamApplicationTests does not declare any static, non-private, non-final, nested classes annotated with @Configuration.
21:10:14.939 [Test worker] DEBUG org.springframework.test.context.support.ActiveProfilesUtils - Could not find an 'annotation declaring class' for annotation type [org.springframework.test.context.ActiveProfiles] and class [com.savushkin.telestream.TelestreamApplicationTests]
21:10:14.999 [Test worker] DEBUG org.springframework.context.annotation.ClassPathScanningCandidateComponentProvider - Identified candidate component class: file [/Users/ssavushkin/IdeaProjects/telestream-bot/build/classes/java/main/com/savushkin/telestream/TelestreamApplication.class]
21:10:15.000 [Test worker] INFO org.springframework.boot.test.context.SpringBootTestContextBootstrapper - Found @SpringBootConfiguration com.savushkin.telestream.TelestreamApplication for test class com.savushkin.telestream.TelestreamApplicationTests
21:10:15.103 [Test worker] DEBUG org.springframework.boot.test.context.SpringBootTestContextBootstrapper - @TestExecutionListeners is not present for class [com.savushkin.telestream.TelestreamApplicationTests]: using defaults.
21:10:15.104 [Test worker] INFO org.springframework.boot.test.context.SpringBootTestContextBootstrapper - Loaded default TestExecutionListener class names from location [META-INF/spring.factories]: [org.springframework.boot.test.autoconfigure.restdocs.RestDocsTestExecutionListener, org.springframework.boot.test.autoconfigure.web.client.MockRestServiceServerResetTestExecutionListener, org.springframework.boot.test.autoconfigure.web.servlet.MockMvcPrintOnlyOnFailureTestExecutionListener, org.springframework.boot.test.autoconfigure.web.servlet.WebDriverTestExecutionListener, org.springframework.boot.test.autoconfigure.webservices.client.MockWebServiceServerTestExecutionListener, org.springframework.boot.test.mock.mockito.MockitoTestExecutionListener, org.springframework.boot.test.mock.mockito.ResetMocksTestExecutionListener, org.springframework.test.context.web.ServletTestExecutionListener, org.springframework.test.context.support.DirtiesContextBeforeModesTestExecutionListener, org.springframework.test.context.event.ApplicationEventsTestExecutionListener, org.springframework.test.context.support.DependencyInjectionTestExecutionListener, org.springframework.test.context.support.DirtiesContextTestExecutionListener, org.springframework.test.context.transaction.TransactionalTestExecutionListener, org.springframework.test.context.jdbc.SqlScriptsTestExecutionListener, org.springframework.test.context.event.EventPublishingTestExecutionListener]
21:10:15.116 [Test worker] DEBUG org.springframework.boot.test.context.SpringBootTestContextBootstrapper - Skipping candidate TestExecutionListener [org.springframework.test.context.web.ServletTestExecutionListener] due to a missing dependency. Specify custom listener classes or make the default listener classes and their required dependencies available. Offending class: [javax/servlet/ServletContext]
21:10:15.118 [Test worker] DEBUG org.springframework.boot.test.context.SpringBootTestContextBootstrapper - Skipping candidate TestExecutionListener [org.springframework.test.context.transaction.TransactionalTestExecutionListener] due to a missing dependency. Specify custom listener classes or make the default listener classes and their required dependencies available. Offending class: [org/springframework/transaction/interceptor/TransactionAttributeSource]
21:10:15.119 [Test worker] DEBUG org.springframework.boot.test.context.SpringBootTestContextBootstrapper - Skipping candidate TestExecutionListener [org.springframework.test.context.jdbc.SqlScriptsTestExecutionListener] due to a missing dependency. Specify custom listener classes or make the default listener classes and their required dependencies available. Offending class: [org/springframework/transaction/interceptor/TransactionAttribute]
21:10:15.119 [Test worker] INFO org.springframework.boot.test.context.SpringBootTestContextBootstrapper - Using TestExecutionListeners: [org.springframework.test.context.support.DirtiesContextBeforeModesTestExecutionListener@7b324585, org.springframework.test.context.event.ApplicationEventsTestExecutionListener@2e11485, org.springframework.boot.test.mock.mockito.MockitoTestExecutionListener@60dce7ea, org.springframework.boot.test.autoconfigure.SpringBootDependencyInjectionTestExecutionListener@662f5666, org.springframework.test.context.support.DirtiesContextTestExecutionListener@fd8294b, org.springframework.test.context.event.EventPublishingTestExecutionListener@5974109, org.springframework.boot.test.autoconfigure.restdocs.RestDocsTestExecutionListener@27305e6, org.springframework.boot.test.autoconfigure.web.client.MockRestServiceServerResetTestExecutionListener@1ef3efa8, org.springframework.boot.test.autoconfigure.web.servlet.MockMvcPrintOnlyOnFailureTestExecutionListener@502f1f4c, org.springframework.boot.test.autoconfigure.web.servlet.WebDriverTestExecutionListener@6f8f9349, org.springframework.boot.test.autoconfigure.webservices.client.MockWebServiceServerTestExecutionListener@75c9e76b, org.springframework.boot.test.mock.mockito.ResetMocksTestExecutionListener@7446d8d5]
21:10:15.123 [Test worker] DEBUG org.springframework.test.context.support.AbstractDirtiesContextTestExecutionListener - Before test class: context [DefaultTestContext@4cc6fa2a testClass = TelestreamApplicationTests, testInstance = [null], testMethod = [null], testException = [null], mergedContextConfiguration = [ReactiveWebMergedContextConfiguration@40f1be1b testClass = TelestreamApplicationTests, locations = '{}', classes = '{class com.savushkin.telestream.TelestreamApplication}', contextInitializerClasses = '[]', activeProfiles = '{}', propertySourceLocations = '{}', propertySourceProperties = '{org.springframework.boot.test.context.SpringBootTestContextBootstrapper=true}', contextCustomizers = set[org.springframework.boot.test.autoconfigure.actuate.metrics.MetricsExportContextCustomizerFactory$DisableMetricExportContextCustomizer@181e731e, org.springframework.boot.test.autoconfigure.properties.PropertyMappingContextCustomizer@0, org.springframework.boot.test.autoconfigure.web.servlet.WebDriverContextCustomizerFactory$Customizer@327bcebd, org.springframework.boot.test.context.filter.ExcludeFilterContextCustomizer@1339e7aa, org.springframework.boot.test.json.DuplicateJsonObjectContextCustomizerFactory$DuplicateJsonObjectContextCustomizer@12359a82, org.springframework.boot.test.mock.mockito.MockitoContextCustomizer@0, org.springframework.boot.test.web.client.TestRestTemplateContextCustomizer@132e0cc, org.springframework.boot.test.web.reactive.server.WebTestClientContextCustomizer@5c2375a9, org.springframework.boot.test.context.SpringBootTestArgs@1, org.springframework.boot.test.context.SpringBootTestWebEnvironment@5c90e579], contextLoader = 'org.springframework.boot.test.context.SpringBootContextLoader', parent = [null]], attributes = map[[empty]]], class annotated with @DirtiesContext [false] with mode [null].
21:10:15.138 [Test worker] DEBUG org.springframework.test.context.support.DependencyInjectionTestExecutionListener - Performing dependency injection for test context [[DefaultTestContext@4cc6fa2a testClass = TelestreamApplicationTests, testInstance = com.savushkin.telestream.TelestreamApplicationTests@636e8cc, testMethod = [null], testException = [null], mergedContextConfiguration = [ReactiveWebMergedContextConfiguration@40f1be1b testClass = TelestreamApplicationTests, locations = '{}', classes = '{class com.savushkin.telestream.TelestreamApplication}', contextInitializerClasses = '[]', activeProfiles = '{}', propertySourceLocations = '{}', propertySourceProperties = '{org.springframework.boot.test.context.SpringBootTestContextBootstrapper=true}', contextCustomizers = set[org.springframework.boot.test.autoconfigure.actuate.metrics.MetricsExportContextCustomizerFactory$DisableMetricExportContextCustomizer@181e731e, org.springframework.boot.test.autoconfigure.properties.PropertyMappingContextCustomizer@0, org.springframework.boot.test.autoconfigure.web.servlet.WebDriverContextCustomizerFactory$Customizer@327bcebd, org.springframework.boot.test.context.filter.ExcludeFilterContextCustomizer@1339e7aa, org.springframework.boot.test.json.DuplicateJsonObjectContextCustomizerFactory$DuplicateJsonObjectContextCustomizer@12359a82, org.springframework.boot.test.mock.mockito.MockitoContextCustomizer@0, org.springframework.boot.test.web.client.TestRestTemplateContextCustomizer@132e0cc, org.springframework.boot.test.web.reactive.server.WebTestClientContextCustomizer@5c2375a9, org.springframework.boot.test.context.SpringBootTestArgs@1, org.springframework.boot.test.context.SpringBootTestWebEnvironment@5c90e579], contextLoader = 'org.springframework.boot.test.context.SpringBootContextLoader', parent = [null]], attributes = map['org.springframework.test.context.event.ApplicationEventsTestExecutionListener.recordApplicationEvents' -> false]]].

  .   ____          _            __ _ _
 /\\ / ___'_ __ _ _(_)_ __  __ _ \ \ \ \
( ( )\___ | '_ | '_| | '_ \/ _` | \ \ \ \
 \\/  ___)| |_)| | | | | || (_| |  ) ) ) )
  '  |____| .__|_| |_|_| |_\__, | / / / /
 =========|_|==============|___/=/_/_/_/
 :: Spring Boot ::                (v2.7.1)

2022-07-24 21:10:15.532  INFO 10309 --- [    Test worker] c.s.t.TelestreamApplicationTests         : Starting TelestreamApplicationTests using Java 17.0.2 on C10503 with PID 10309 (started by ssavushkin in /Users/ssavushkin/IdeaProjects/telestream-bot)
2022-07-24 21:10:15.534  INFO 10309 --- [    Test worker] c.s.t.TelestreamApplicationTests         : No active profile set, falling back to 1 default profile: "default"
2022-07-24 21:10:17.076  INFO 10309 --- [    Test worker] c.s.t.TelestreamApplicationTests         : Started TelestreamApplicationTests in 1.912 seconds (JVM running for 3.698)
]]></system-out>
  <system-err><![CDATA[]]></system-err>
</testsuite>
